<?xml version="1.0" encoding="UTF-8"?>
<!-- Generated by org.testng.reporters.JUnitReportReporter -->
<testsuite hostname="IS-4844" failures="0" tests="9" name="net.io.storm.StormTopologyTest2" time="242.355" errors="0" timestamp="11 Aug 2019 18:17:28 GMT" skipped="0">
  <testcase classname="net.io.storm.StormTopologyTest2" name="testSpoutBolt" time="17.487"/>
  <testcase classname="net.io.storm.StormTopologyTest2" name="testSpoutBolt" time="24.423"/>
  <testcase classname="net.io.storm.StormTopologyTest2" name="testSpoutBolt" time="41.397"/>
  <testcase classname="net.io.storm.StormTopologyTest2" name="testSpoutBolt" time="18.048"/>
  <testcase classname="net.io.storm.StormTopologyTest2" name="testSpoutBolt" time="41.767"/>
  <testcase classname="net.io.storm.StormTopologyTest2" name="testSpoutBolt" time="24.626"/>
  <testcase classname="net.io.storm.StormTopologyTest2" name="testSpoutBolt" time="41.649"/>
  <testcase classname="net.io.storm.StormTopologyTest2" name="testSpoutBolt" time="17.369"/>
  <testcase classname="net.io.storm.StormTopologyTest2" name="testSpoutBolt" time="15.589"/>
</testsuite> <!-- net.io.storm.StormTopologyTest2 -->
